<?xml version="1.0" encoding="UTF-8"?>
<!-- Generated by org.testng.reporters.JUnitReportReporter -->
<testsuite hostname="LAPTOP-BFK1C0AF" failures="0" tests="1" name="TestNG" time="0.012" errors="0" timestamp="2025-05-31T13:01:11 IST" skipped="0">
  <testcase classname="TestNG" name="testcase1" time="0.012"/>
</testsuite> <!-- TestNG -->
